<?xml version="1.0" encoding="utf-8"?><testsuites><testsuite name="pytest" errors="0" failures="0" skipped="0" tests="2" time="0.124" timestamp="2024-09-18T05:12:44.433314-03:00" hostname="DESKTOP-12EGT0R"><testcase classname="test.test_main.TestMathUtils" name="test_average_numbers" time="0.002" /><testcase classname="test.test_main.TestMathUtils" name="test_sum_numbers" time="0.001" /></testsuite></testsuites>