<?xml version="1.0" encoding="utf-8"?><testsuites><testsuite name="pytest" errors="0" failures="0" skipped="0" tests="6" time="0.221" timestamp="2024-09-19T22:59:08.509200-03:00" hostname="DESKTOP-12EGT0R"><testcase classname="test.test_main.TestMain" name="test_diferenca_numeros" time="0.003" /><testcase classname="test.test_main.TestMain" name="test_media_numeros" time="0.001" /><testcase classname="test.test_main.TestMain" name="test_numero_maximo" time="0.001" /><testcase classname="test.test_main.TestMain" name="test_numero_minimo" time="0.001" /><testcase classname="test.test_main.TestMain" name="test_produto_numeros" time="0.001" /><testcase classname="test.test_main.TestMain" name="test_soma_numeros" time="0.001" /></testsuite></testsuites>